<?xml version="1.0" encoding="UTF-8"?>
<testsuite name="AppTest" tests="7" skipped="0" failures="0" errors="0" timestamp="2016-02-10T00:15:10" hostname="epicodus-68.local" time="0.003">
  <properties/>
  <testcase name="numberWord_translateANumberLessThan20ToAWord_word" classname="AppTest" time="0.001"/>
  <testcase name="numberWord_translateANumberBetween100And120_word" classname="AppTest" time="0.0"/>
  <testcase name="numberWord_translateANumberLessThan10ToAWord_word" classname="AppTest" time="0.0"/>
  <testcase name="numberWord_translateANumberBetweenTens_word" classname="AppTest" time="0.0"/>
  <testcase name="numberWord_translateANumberUnder1000_word" classname="AppTest" time="0.0"/>
  <testcase name="numberWord_translateANumberByTens_word" classname="AppTest" time="0.0"/>
  <testcase name="numberWord_translateANumberAbove99_word" classname="AppTest" time="0.0"/>
  <system-out><![CDATA[]]></system-out>
  <system-err><![CDATA[]]></system-err>
</testsuite>
