<?xml version="1.0" encoding="UTF-8"?>
<testsuite name="AppTest" tests="4" skipped="0" failures="0" errors="0" timestamp="2016-02-09T23:25:37" hostname="epicodus-68.local" time="0.002">
  <properties/>
  <testcase name="numberWord_translateANumberLessThan20ToAWord_word" classname="AppTest" time="0.002"/>
  <testcase name="numberWord_translateANumberLessThan10ToAWord_word" classname="AppTest" time="0.0"/>
  <testcase name="numberWord_translateANumberBetweenTens_word" classname="AppTest" time="0.0"/>
  <testcase name="numberWord_translateANumberByTens_word" classname="AppTest" time="0.0"/>
  <system-out><![CDATA[]]></system-out>
  <system-err><![CDATA[]]></system-err>
</testsuite>
